<?xml version="1.0" encoding="UTF-8"?>
<!-- Generated by org.testng.reporters.JUnitXMLReporter -->
<testsuite ignored="0" hostname="PRABHU" failures="0" tests="19" name="Default test" time="239.838" errors="0" timestamp="2024-04-30T11:10:27 IST">
  <testcase classname="TestScript.DemoWebShopTest" name="BookSAddtocart_006" time="18.16"/>
  <testcase classname="TestScript.DemoWebShopTest" name="lOgin_003" time="8.166"/>
  <testcase classname="TestScript.DemoWebShopTest" name="BookSAddtocompare_007" time="10.696"/>
  <testcase classname="TestScript.DemoWebShopTest" name="BookSOPen_004" time="9.804"/>
  <testcase classname="TestScript.DemoWebShopTest" name="BookSOPen_005" time="10.22"/>
  <testcase classname="TestScript.DemoWebShopTest" name="BookSRelatedProduct_009" time="10.856"/>
  <testcase classname="TestScript.DemoWebShopTest" name="BookSSharetoFriend_008" time="11.455"/>
  <testcase classname="TestScript.DemoWebShopTest" name="BookSTojewellery_018" time="10.532"/>
  <testcase classname="TestScript.DemoWebShopTest" name="BookSpriceoption_013" time="13.996"/>
  <testcase classname="TestScript.DemoWebShopTest" name="BookSreview_015" time="34.896"/>
  <testcase classname="TestScript.DemoWebShopTest" name="BookSsortbyoption_010" time="12.124"/>
  <testcase classname="TestScript.DemoWebShopTest" name="BookSviewsoption_012" time="9.432"/>
  <testcase classname="TestScript.DemoWebShopTest" name="BookSvreviewvote_016" time="27.861"/>
  <testcase classname="TestScript.DemoWebShopTest" name="Bookdisplayoption_011" time="9.705"/>
  <testcase classname="TestScript.DemoWebShopTest" name="BooksNewsLetter_014" time="8.07"/>
  <testcase classname="TestScript.DemoWebShopTest" name="Login_002" time="6.303"/>
  <testcase classname="TestScript.DemoWebShopTest" name="Logout_0019" time="9.261"/>
  <testcase classname="TestScript.DemoWebShopTest" name="RegisterTest_001" time="8.115"/>
  <testcase classname="TestScript.DemoWebShopTest" name="BookRemoveCart_017" time="10.097"/>
</testsuite> <!-- Default test -->
