<?xml version="1.0" encoding="UTF-8"?>
<!-- Generated by org.testng.reporters.JUnitXMLReporter -->
<testsuite ignored="0" hostname="PRABHU" failures="0" tests="38" name="Test" time="219.406" errors="0" timestamp="2024-05-01T13:07:34 IST">
  <testcase classname="TestScript.DemoWebShopTest_02" name="Password_change_019" time="10.882"/>
  <testcase classname="TestScript.DemoWebShopTest" name="BookSAddtocart_006" time="13.006"/>
  <testcase classname="TestScript.DemoWebShopTest" name="BookSAddtocompare_007" time="10.454"/>
  <testcase classname="TestScript.DemoWebShopTest_02" name="Re_order_011" time="16.84"/>
  <testcase classname="TestScript.DemoWebShopTest" name="BookSOPen_004" time="8.859"/>
  <testcase classname="TestScript.DemoWebShopTest_02" name="jewellery_WishList_002" time="12.306"/>
  <testcase classname="TestScript.DemoWebShopTest" name="BookSOPen_005" time="11.746"/>
  <testcase classname="TestScript.DemoWebShopTest_02" name="Add_New_Address_012" time="12.502"/>
  <testcase classname="TestScript.DemoWebShopTest" name="BookSRelatedProduct_009" time="10.506"/>
  <testcase classname="TestScript.DemoWebShopTest_02" name="Appreal_Shoes_018" time="9.862"/>
  <testcase classname="TestScript.DemoWebShopTest" name="BookSSharetoFriend_008" time="9.631"/>
  <testcase classname="TestScript.DemoWebShopTest_02" name="Check_Reward_015" time="9.999"/>
  <testcase classname="TestScript.DemoWebShopTest" name="BookSTojewellery_018" time="10.099"/>
  <testcase classname="TestScript.DemoWebShopTest_02" name="Compare_product_016" time="8.408"/>
  <testcase classname="TestScript.DemoWebShopTest" name="BookSpriceoption_013" time="11.561"/>
  <testcase classname="TestScript.DemoWebShopTest_02" name="Recently_viewed_product_017" time="7.383"/>
  <testcase classname="TestScript.DemoWebShopTest_02" name="checkthe_order_detasils_009" time="7.133"/>
  <testcase classname="TestScript.DemoWebShopTest_02" name="delete_address_014" time="8.511"/>
  <testcase classname="TestScript.DemoWebShopTest_02" name="download_the_invoice_010" time="10.78"/>
  <testcase classname="TestScript.DemoWebShopTest" name="BookSreview_015" time="33.154"/>
  <testcase classname="TestScript.DemoWebShopTest_02" name="edit_address_013" time="11.933"/>
  <testcase classname="TestScript.DemoWebShopTest" name="BookSsortbyoption_010" time="11.955"/>
  <testcase classname="TestScript.DemoWebShopTest_02" name="editlastname_008" time="10.288"/>
  <testcase classname="TestScript.DemoWebShopTest" name="BookSviewsoption_012" time="8.617"/>
  <testcase classname="TestScript.DemoWebShopTest_02" name="jewellery_001" time="10.373"/>
  <testcase classname="TestScript.DemoWebShopTest" name="BookSvreviewvote_016" time="17.748"/>
  <testcase classname="TestScript.DemoWebShopTest_02" name="jewellery_Quantity_003" time="11.421"/>
  <testcase classname="TestScript.DemoWebShopTest" name="Bookdisplayoption_011" time="10.258"/>
  <testcase classname="TestScript.DemoWebShopTest_02" name="jewellery_custmize_004" time="10.705"/>
  <testcase classname="TestScript.DemoWebShopTest" name="BooksNewsLetter_014" time="8.039"/>
  <testcase classname="TestScript.DemoWebShopTest_02" name="jewellery_placeorder_007" time="13.231"/>
  <testcase classname="TestScript.DemoWebShopTest" name="Login_002" time="10.406"/>
  <testcase classname="TestScript.DemoWebShopTest_02" name="jewellery_removefromwishlist_006" time="9.184"/>
  <testcase classname="TestScript.DemoWebShopTest" name="Logout_0019" time="8.42"/>
  <testcase classname="TestScript.DemoWebShopTest" name="RegisterTest_001" time="8.31"/>
  <testcase classname="TestScript.DemoWebShopTest_02" name="jewellery_wishlisttocart_005" time="11.306"/>
  <testcase classname="TestScript.DemoWebShopTest" name="lOgin_003" time="8.161"/>
  <testcase classname="TestScript.DemoWebShopTest" name="BookRemoveCart_017" time="8.401"/>
</testsuite> <!-- Test -->
